2012-03-08 22:09:24  [ main:0 ] - [ INFO ]  entering save...
2012-03-08 22:09:24  [ main:163 ] - [ INFO ]  entering load...
2012-03-08 22:09:27  [ main:0 ] - [ INFO ]  entering save...
2012-03-08 22:09:27  [ main:66 ] - [ INFO ]  entering load...
2012-03-08 22:13:38  [ main:0 ] - [ INFO ]  entering save...
2012-03-08 22:13:38  [ main:75 ] - [ INFO ]  entering load...
2012-03-08 22:13:40  [ main:0 ] - [ INFO ]  entering save...
2012-03-08 22:13:40  [ main:70 ] - [ INFO ]  entering load...
2012-03-08 22:16:32  [ main:0 ] - [ INFO ]  entering save...
2012-03-08 22:16:32  [ main:79 ] - [ INFO ]  entering load...
2012-03-08 22:21:25  [ main:0 ] - [ INFO ]  entering save...
2012-03-08 22:21:25  [ main:72 ] - [ INFO ]  entering load...
2012-03-08 22:23:51  [ main:0 ] - [ INFO ]  entering save...
2012-03-08 22:23:51  [ main:73 ] - [ INFO ]  entering load...
2012-03-08 22:24:42  [ main:0 ] - [ INFO ]  entering save...
2012-03-08 22:24:42  [ main:73 ] - [ INFO ]  entering load...
2012-03-08 22:27:12  [ main:0 ] - [ INFO ]  entering save...
2012-03-08 22:27:12  [ main:75 ] - [ INFO ]  entering load...
2012-03-08 22:32:28  [ main:0 ] - [ INFO ]  entering save...
2012-03-08 22:32:28  [ main:74 ] - [ INFO ]  entering load...
2012-03-08 22:33:23  [ main:0 ] - [ INFO ]  entering save...
2012-03-08 22:33:24  [ main:74 ] - [ INFO ]  entering load...
2012-03-08 22:47:46  [ main:0 ] - [ INFO ]  entering save...
2012-03-08 22:47:46  [ main:75 ] - [ INFO ]  entering load...
2012-03-08 22:47:47  [ main:0 ] - [ INFO ]  entering save...
2012-03-08 22:47:48  [ main:78 ] - [ INFO ]  entering load...
2012-03-08 22:57:12  [ main:0 ] - [ INFO ]  entering save...
2012-03-08 22:57:12  [ main:79 ] - [ INFO ]  entering load...
2012-03-08 22:57:14  [ main:0 ] - [ INFO ]  entering save...
2012-03-08 22:57:14  [ main:80 ] - [ INFO ]  entering load...
2012-03-08 22:58:02  [ main:0 ] - [ INFO ]  entering save...
2012-03-08 22:58:02  [ main:74 ] - [ INFO ]  entering load...
2012-03-08 22:58:04  [ main:0 ] - [ INFO ]  entering save...
2012-03-08 22:58:04  [ main:89 ] - [ INFO ]  entering load...
2012-03-08 22:59:26  [ main:0 ] - [ INFO ]  entering save...
2012-03-08 22:59:26  [ main:74 ] - [ INFO ]  entering load...
2012-03-08 22:59:28  [ main:0 ] - [ INFO ]  entering save...
2012-03-08 22:59:28  [ main:78 ] - [ INFO ]  entering load...
2012-03-08 23:02:42  [ main:0 ] - [ INFO ]  entering save...
2012-03-08 23:02:42  [ main:74 ] - [ INFO ]  entering load...
2012-03-08 23:02:44  [ main:0 ] - [ INFO ]  entering save...
2012-03-08 23:02:44  [ main:79 ] - [ INFO ]  entering load...
2012-03-08 23:05:38  [ main:0 ] - [ INFO ]  entering save...
2012-03-08 23:05:38  [ main:75 ] - [ INFO ]  entering load...
2012-03-08 23:05:40  [ main:0 ] - [ INFO ]  entering save...
2012-03-08 23:05:40  [ main:86 ] - [ INFO ]  entering load...
2012-03-08 23:10:29  [ main:0 ] - [ INFO ]  entering save...
2012-03-08 23:10:29  [ main:68 ] - [ INFO ]  entering load...
2012-03-08 23:10:29  [ main:104 ] - [ INFO ]  Send Message: find -comp
2012-03-08 23:10:29  [ main:281 ] - [ INFO ]  Send Message: find -part
2012-03-08 23:10:31  [ main:0 ] - [ INFO ]  entering save...
2012-03-08 23:10:31  [ main:78 ] - [ INFO ]  entering load...
2012-03-08 23:10:31  [ main:108 ] - [ INFO ]  Send Message: find -comp
2012-03-08 23:10:31  [ main:282 ] - [ INFO ]  Send Message: find -part
2012-03-08 23:11:20  [ main:0 ] - [ INFO ]  entering save...
2012-03-08 23:11:20  [ main:76 ] - [ INFO ]  entering load...
2012-03-08 23:11:21  [ main:0 ] - [ INFO ]  entering save...
2012-03-08 23:11:21  [ main:99 ] - [ INFO ]  entering load...
2012-03-08 23:14:51  [ main:0 ] - [ INFO ]  entering save...
2012-03-08 23:14:51  [ main:69 ] - [ INFO ]  entering save...
2012-03-08 23:14:51  [ main:80 ] - [ INFO ]  entering load...
2012-03-08 23:14:51  [ main:92 ] - [ INFO ]  entering load...
2012-03-08 23:14:53  [ main:0 ] - [ INFO ]  entering save...
2012-03-08 23:14:53  [ main:79 ] - [ INFO ]  entering save...
2012-03-08 23:14:53  [ main:87 ] - [ INFO ]  entering load...
2012-03-08 23:14:53  [ main:99 ] - [ INFO ]  entering load...
2012-03-08 23:24:50  [ main:0 ] - [ INFO ]  entering save...
2012-03-08 23:24:50  [ main:79 ] - [ INFO ]  entering save...
2012-03-08 23:24:50  [ main:89 ] - [ INFO ]  entering load...
2012-03-08 23:24:50  [ main:102 ] - [ INFO ]  entering load...
2012-03-08 23:24:52  [ main:0 ] - [ INFO ]  entering save...
2012-03-08 23:24:52  [ main:82 ] - [ INFO ]  entering save...
2012-03-08 23:24:52  [ main:91 ] - [ INFO ]  entering load...
2012-03-08 23:24:52  [ main:103 ] - [ INFO ]  entering load...
2012-03-08 23:28:24  [ main:0 ] - [ INFO ]  entering save...
2012-03-08 23:28:24  [ main:78 ] - [ INFO ]  entering save...
2012-03-08 23:28:24  [ main:88 ] - [ INFO ]  entering load...
2012-03-08 23:28:24  [ main:101 ] - [ INFO ]  entering load...
2012-03-08 23:28:24  [ main:140 ] - [ INFO ]  Send Message: find -part
2012-03-08 23:28:26  [ main:0 ] - [ INFO ]  entering save...
2012-03-08 23:28:26  [ main:80 ] - [ INFO ]  entering save...
2012-03-08 23:28:26  [ main:90 ] - [ INFO ]  entering load...
2012-03-08 23:28:26  [ main:102 ] - [ INFO ]  entering load...
2012-03-08 23:28:26  [ main:134 ] - [ INFO ]  Send Message: find -part
2012-03-08 23:31:00  [ main:0 ] - [ INFO ]  entering save...
2012-03-08 23:31:00  [ main:82 ] - [ INFO ]  entering save...
2012-03-08 23:31:00  [ main:92 ] - [ INFO ]  entering load...
2012-03-08 23:31:00  [ main:106 ] - [ INFO ]  entering load...
2012-03-08 23:31:00  [ main:131 ] - [ INFO ]  Send Message: find -comp
2012-03-08 23:31:01  [ main:159 ] - [ INFO ]  Send Message: find -part
2012-03-08 23:31:01  [ main:174 ] - [ INFO ]  Send Message: show
2012-03-08 23:31:01  [ main:177 ] - [ INFO ]  Send Message: dummy
2012-03-08 23:31:02  [ main:0 ] - [ INFO ]  entering save...
2012-03-08 23:31:02  [ main:88 ] - [ INFO ]  entering save...
2012-03-08 23:31:02  [ main:98 ] - [ INFO ]  entering load...
2012-03-08 23:31:02  [ main:114 ] - [ INFO ]  entering load...
2012-03-08 23:31:03  [ main:140 ] - [ INFO ]  Send Message: find -comp
2012-03-08 23:31:03  [ main:159 ] - [ INFO ]  Send Message: find -part
2012-03-08 23:31:03  [ main:171 ] - [ INFO ]  Send Message: show
2012-03-08 23:31:03  [ main:174 ] - [ INFO ]  Send Message: dummy
2012-03-08 23:35:59  [ main:0 ] - [ INFO ]  entering save...
2012-03-08 23:35:59  [ main:73 ] - [ INFO ]  entering save...
2012-03-08 23:35:59  [ main:85 ] - [ INFO ]  entering load...
2012-03-08 23:35:59  [ main:103 ] - [ INFO ]  entering load...
2012-03-08 23:35:59  [ main:142 ] - [ INFO ]  Send Message: find -comp
2012-03-08 23:35:59  [ main:161 ] - [ INFO ]  Send Message: find -part
2012-03-08 23:35:59  [ main:172 ] - [ INFO ]  Send Message: show
2012-03-08 23:35:59  [ main:178 ] - [ INFO ]  Send Message: dummy
2012-03-08 23:36:01  [ main:0 ] - [ INFO ]  entering save...
2012-03-08 23:36:01  [ main:80 ] - [ INFO ]  entering save...
2012-03-08 23:36:01  [ main:80 ] - [ INFO ]  entering load...
2012-03-08 23:36:01  [ main:100 ] - [ INFO ]  entering load...
2012-03-08 23:36:01  [ main:120 ] - [ INFO ]  Send Message: find -comp
2012-03-08 23:36:01  [ main:140 ] - [ INFO ]  Send Message: find -part
2012-03-08 23:36:01  [ main:150 ] - [ INFO ]  Send Message: show
2012-03-08 23:36:01  [ main:150 ] - [ INFO ]  Send Message: dummy
2012-03-08 23:49:58  [ main:0 ] - [ INFO ]  entering save...
2012-03-08 23:49:58  [ main:77 ] - [ INFO ]  entering save...
2012-03-08 23:49:58  [ main:86 ] - [ INFO ]  entering load...
2012-03-08 23:49:59  [ main:99 ] - [ INFO ]  entering load...
2012-03-08 23:50:00  [ main:0 ] - [ INFO ]  entering save...
2012-03-08 23:50:00  [ main:87 ] - [ INFO ]  entering save...
2012-03-08 23:50:00  [ main:98 ] - [ INFO ]  entering load...
2012-03-08 23:50:00  [ main:117 ] - [ INFO ]  entering load...
2012-03-08 23:51:20  [ main:0 ] - [ INFO ]  entering save...
2012-03-08 23:51:20  [ main:70 ] - [ INFO ]  entering save...
2012-03-08 23:51:20  [ main:82 ] - [ INFO ]  entering load...
2012-03-08 23:51:20  [ main:95 ] - [ INFO ]  entering load...
2012-03-08 23:51:22  [ main:0 ] - [ INFO ]  entering save...
2012-03-08 23:51:22  [ main:81 ] - [ INFO ]  entering save...
2012-03-08 23:51:22  [ main:90 ] - [ INFO ]  entering load...
2012-03-08 23:51:22  [ main:103 ] - [ INFO ]  entering load...
